{"C:\\Users\\Almas\\Documents\\Projects\\TestCollection\\xendit\\org-comment\\src\\config\\config.ts": {"path":"C:\\Users\\Almas\\Documents\\Projects\\TestCollection\\xendit\\org-comment\\src\\config\\config.ts","statementMap":{"0":{"start":{"line":1,"column":0},"end":{"line":1,"column":null}},"1":{"start":{"line":2,"column":9},"end":{"line":2,"column":54}},"2":{"start":{"line":3,"column":9},"end":{"line":3,"column":18}},"3":{"start":{"line":4,"column":0},"end":{"line":4,"column":null}},"4":{"start":{"line":6,"column":0},"end":{"line":6,"column":28}}},"fnMap":{"0":{"name":"(anonymous_0)","decl":{"start":{"line":1,"column":0},"end":{"line":1,"column":null}},"loc":{"start":{"line":1,"column":0},"end":{"line":4,"column":null}}}},"branchMap":{},"s":{"0":1,"1":1,"2":1,"3":1,"4":1},"f":{"0":2},"b":{}}
,"C:\\Users\\Almas\\Documents\\Projects\\TestCollection\\xendit\\org-comment\\src\\db\\connection.ts": {"path":"C:\\Users\\Almas\\Documents\\Projects\\TestCollection\\xendit\\org-comment\\src\\db\\connection.ts","statementMap":{"0":{"start":{"line":1,"column":0},"end":{"line":1,"column":26}},"1":{"start":{"line":2,"column":0},"end":{"line":2,"column":66}},"2":{"start":{"line":4,"column":0},"end":{"line":4,"column":null}},"3":{"start":{"line":9,"column":31},"end":{"line":9,"column":77}},"4":{"start":{"line":10,"column":4},"end":{"line":16,"column":7}},"5":{"start":{"line":19,"column":16},"end":{"line":25,"column":null}},"6":{"start":{"line":20,"column":4},"end":{"line":22,"column":null}},"7":{"start":{"line":21,"column":6},"end":{"line":21,"column":45}},"8":{"start":{"line":24,"column":4},"end":{"line":24,"column":42}},"9":{"start":{"line":27,"column":10},"end":{"line":33,"column":null}},"10":{"start":{"line":28,"column":35},"end":{"line":31,"column":6}},"11":{"start":{"line":32,"column":4},"end":{"line":32,"column":51}},"12":{"start":{"line":34,"column":0},"end":{"line":34,"column":null}}},"fnMap":{"0":{"name":"(anonymous_0)","decl":{"start":{"line":4,"column":0},"end":{"line":4,"column":null}},"loc":{"start":{"line":4,"column":0},"end":{"line":34,"column":null}}},"1":{"name":"Connection","decl":{"start":{"line":8,"column":2},"end":{"line":8,"column":null}},"loc":{"start":{"line":8,"column":2},"end":{"line":17,"column":3}}},"2":{"name":"(anonymous_2)","decl":{"start":{"line":19,"column":2},"end":{"line":19,"column":16}},"loc":{"start":{"line":19,"column":2},"end":{"line":25,"column":3}}},"3":{"name":"(anonymous_3)","decl":{"start":{"line":27,"column":2},"end":{"line":27,"column":10}},"loc":{"start":{"line":27,"column":33},"end":{"line":33,"column":3}}}},"branchMap":{"0":{"loc":{"start":{"line":20,"column":4},"end":{"line":22,"column":null}},"type":"if","locations":[{"start":{"line":20,"column":4},"end":{"line":22,"column":null}},{"start":{"line":20,"column":4},"end":{"line":22,"column":null}}]}},"s":{"0":1,"1":1,"2":1,"3":1,"4":1,"5":1,"6":3,"7":1,"8":3,"9":1,"10":1,"11":1,"12":1},"f":{"0":1,"1":1,"2":3,"3":1},"b":{"0":[1,2]}}
,"C:\\Users\\Almas\\Documents\\Projects\\TestCollection\\xendit\\org-comment\\src\\db\\query.ts": {"path":"C:\\Users\\Almas\\Documents\\Projects\\TestCollection\\xendit\\org-comment\\src\\db\\query.ts","statementMap":{"0":{"start":{"line":1,"column":0},"end":{"line":1,"column":30}},"1":{"start":{"line":2,"column":0},"end":{"line":2,"column":43}},"2":{"start":{"line":9,"column":6},"end":{"line":9,"column":11}},"3":{"start":{"line":10,"column":10},"end":{"line":10,"column":51}},"4":{"start":{"line":11,"column":4},"end":{"line":11,"column":71}},"5":{"start":{"line":12,"column":4},"end":{"line":12,"column":27}},"6":{"start":{"line":13,"column":13},"end":{"line":13,"column":19}},"7":{"start":{"line":14,"column":10},"end":{"line":14,"column":51}},"8":{"start":{"line":15,"column":4},"end":{"line":15,"column":71}},"9":{"start":{"line":16,"column":4},"end":{"line":16,"column":27}},"10":{"start":{"line":19,"column":12},"end":{"line":19,"column":31}},"11":{"start":{"line":20,"column":12},"end":{"line":20,"column":39}},"12":{"start":{"line":21,"column":21},"end":{"line":21,"column":null}},"13":{"start":{"line":21,"column":12},"end":{"line":21,"column":null}},"14":{"start":{"line":22,"column":12},"end":{"line":22,"column":42}},"15":{"start":{"line":23,"column":6},"end":{"line":23,"column":74}},"16":{"start":{"line":24,"column":6},"end":{"line":24,"column":20}},"17":{"start":{"line":26,"column":6},"end":{"line":26,"column":75}},"18":{"start":{"line":27,"column":6},"end":{"line":27,"column":63}},"19":{"start":{"line":5,"column":0},"end":{"line":5,"column":22}},"20":{"start":{"line":33,"column":6},"end":{"line":33,"column":11}},"21":{"start":{"line":34,"column":10},"end":{"line":34,"column":51}},"22":{"start":{"line":35,"column":4},"end":{"line":35,"column":55}},"23":{"start":{"line":36,"column":4},"end":{"line":36,"column":27}},"24":{"start":{"line":39,"column":12},"end":{"line":39,"column":31}},"25":{"start":{"line":40,"column":12},"end":{"line":40,"column":39}},"26":{"start":{"line":41,"column":21},"end":{"line":41,"column":null}},"27":{"start":{"line":41,"column":12},"end":{"line":41,"column":null}},"28":{"start":{"line":42,"column":12},"end":{"line":42,"column":42}},"29":{"start":{"line":43,"column":6},"end":{"line":43,"column":58}},"30":{"start":{"line":44,"column":6},"end":{"line":44,"column":20}},"31":{"start":{"line":46,"column":6},"end":{"line":46,"column":59}},"32":{"start":{"line":47,"column":6},"end":{"line":47,"column":63}},"33":{"start":{"line":32,"column":0},"end":{"line":32,"column":22}}},"fnMap":{"0":{"name":"queryWithParam","decl":{"start":{"line":5,"column":22},"end":{"line":5,"column":36}},"loc":{"start":{"line":7,"column":15},"end":{"line":30,"column":null}}},"1":{"name":"query","decl":{"start":{"line":32,"column":22},"end":{"line":32,"column":27}},"loc":{"start":{"line":32,"column":41},"end":{"line":50,"column":null}}}},"branchMap":{"0":{"loc":{"start":{"line":9,"column":6},"end":{"line":9,"column":11}},"type":"if","locations":[{"start":{"line":9,"column":6},"end":{"line":9,"column":11}},{"start":{"line":9,"column":6},"end":{"line":9,"column":11}}]},"1":{"loc":{"start":{"line":13,"column":13},"end":{"line":13,"column":19}},"type":"if","locations":[{"start":{"line":13,"column":13},"end":{"line":13,"column":19}},{"start":{"line":13,"column":13},"end":{"line":13,"column":19}}]},"2":{"loc":{"start":{"line":33,"column":6},"end":{"line":33,"column":11}},"type":"if","locations":[{"start":{"line":33,"column":6},"end":{"line":33,"column":11}},{"start":{"line":33,"column":6},"end":{"line":33,"column":11}}]}},"s":{"0":1,"1":1,"2":6,"3":0,"4":0,"5":0,"6":5,"7":1,"8":1,"9":1,"10":2,"11":2,"12":2,"13":2,"14":2,"15":2,"16":2,"17":0,"18":0,"19":1,"20":2,"21":0,"22":0,"23":0,"24":1,"25":1,"26":1,"27":1,"28":1,"29":1,"30":1,"31":0,"32":0,"33":1},"f":{"0":3,"1":1},"b":{"0":[3,0],"1":[2,1],"2":[1,0]}}
,"C:\\Users\\Almas\\Documents\\Projects\\TestCollection\\xendit\\org-comment\\src\\utils\\jwt.ts": {"path":"C:\\Users\\Almas\\Documents\\Projects\\TestCollection\\xendit\\org-comment\\src\\utils\\jwt.ts","statementMap":{"0":{"start":{"line":1,"column":0},"end":{"line":1,"column":38}},"1":{"start":{"line":2,"column":0},"end":{"line":2,"column":36}},"2":{"start":{"line":9,"column":13},"end":{"line":14,"column":2}},"3":{"start":{"line":10,"column":10},"end":{"line":10,"column":14}},"4":{"start":{"line":10,"column":16},"end":{"line":10,"column":21}},"5":{"start":{"line":11,"column":2},"end":{"line":13,"column":5}},"6":{"start":{"line":16,"column":13},"end":{"line":18,"column":2}},"7":{"start":{"line":17,"column":2},"end":{"line":17,"column":56}}},"fnMap":{"0":{"name":"(anonymous_0)","decl":{"start":{"line":9,"column":25},"end":{"line":9,"column":26}},"loc":{"start":{"line":9,"column":42},"end":{"line":14,"column":1}}},"1":{"name":"(anonymous_1)","decl":{"start":{"line":16,"column":25},"end":{"line":16,"column":26}},"loc":{"start":{"line":16,"column":39},"end":{"line":18,"column":1}}}},"branchMap":{},"s":{"0":1,"1":1,"2":1,"3":1,"4":1,"5":1,"6":1,"7":1},"f":{"0":1,"1":1},"b":{}}
}
