TN:
SF:C:\Users\Almas\Documents\Projects\TestCollection\xendit\org-comment\src\config\config.ts
FN:1,(anonymous_0)
FNF:1
FNH:1
FNDA:2,(anonymous_0)
DA:1,1
DA:2,1
DA:3,1
DA:4,1
DA:6,1
LF:5
LH:5
BRF:0
BRH:0
end_of_record
TN:
SF:C:\Users\Almas\Documents\Projects\TestCollection\xendit\org-comment\src\db\connection.ts
FN:4,(anonymous_0)
FN:8,Connection
FN:19,(anonymous_2)
FN:27,(anonymous_3)
FNF:4
FNH:4
FNDA:1,(anonymous_0)
FNDA:1,Connection
FNDA:3,(anonymous_2)
FNDA:1,(anonymous_3)
DA:1,1
DA:2,1
DA:4,1
DA:9,1
DA:10,1
DA:19,1
DA:20,3
DA:21,1
DA:24,3
DA:27,1
DA:28,1
DA:32,1
DA:34,1
LF:13
LH:13
BRDA:20,0,0,1
BRDA:20,0,1,2
BRF:2
BRH:2
end_of_record
TN:
SF:C:\Users\Almas\Documents\Projects\TestCollection\xendit\org-comment\src\db\query.ts
FN:5,queryWithParam
FN:32,query
FNF:2
FNH:2
FNDA:3,queryWithParam
FNDA:1,query
DA:1,1
DA:2,1
DA:5,1
DA:9,6
DA:10,0
DA:11,0
DA:12,0
DA:13,5
DA:14,1
DA:15,1
DA:16,1
DA:19,2
DA:20,2
DA:21,2
DA:22,2
DA:23,2
DA:24,2
DA:26,0
DA:27,0
DA:32,1
DA:33,2
DA:34,0
DA:35,0
DA:36,0
DA:39,1
DA:40,1
DA:41,1
DA:42,1
DA:43,1
DA:44,1
DA:46,0
DA:47,0
LF:32
LH:22
BRDA:9,0,0,3
BRDA:9,0,1,0
BRDA:13,1,0,2
BRDA:13,1,1,1
BRDA:33,2,0,1
BRDA:33,2,1,0
BRF:6
BRH:4
end_of_record
TN:
SF:C:\Users\Almas\Documents\Projects\TestCollection\xendit\org-comment\src\utils\jwt.ts
FN:9,(anonymous_0)
FN:16,(anonymous_1)
FNF:2
FNH:2
FNDA:1,(anonymous_0)
FNDA:1,(anonymous_1)
DA:1,1
DA:2,1
DA:9,1
DA:10,1
DA:11,1
DA:16,1
DA:17,1
LF:7
LH:7
BRF:0
BRH:0
end_of_record
