TN:
SF:C:\Users\Almas\Documents\Projects\TestCollection\xendit\org-comment\src\config\config.ts
FN:1,(anonymous_0)
FNF:1
FNH:1
FNDA:2,(anonymous_0)
DA:1,1
DA:2,1
DA:3,1
DA:4,1
DA:6,1
LF:5
LH:5
BRF:0
BRH:0
end_of_record
TN:
SF:C:\Users\Almas\Documents\Projects\TestCollection\xendit\org-comment\src\db\connection.ts
FN:4,(anonymous_0)
FN:8,Connection
FN:19,(anonymous_2)
FN:27,(anonymous_3)
FNF:4
FNH:4
FNDA:1,(anonymous_0)
FNDA:1,Connection
FNDA:3,(anonymous_2)
FNDA:1,(anonymous_3)
DA:1,1
DA:2,1
DA:4,1
DA:9,1
DA:10,1
DA:19,1
DA:20,3
DA:21,1
DA:24,3
DA:27,1
DA:28,1
DA:32,1
DA:34,1
LF:13
LH:13
BRDA:20,0,0,1
BRDA:20,0,1,2
BRF:2
BRH:2
end_of_record
TN:
SF:C:\Users\Almas\Documents\Projects\TestCollection\xendit\org-comment\src\db\query.ts
FN:5,queryWithParam
FN:32,query
FNF:2
FNH:2
FNDA:3,queryWithParam
FNDA:1,query
DA:1,1
DA:2,1
DA:5,1
DA:9,6
DA:10,0
DA:11,0
DA:12,0
DA:13,5
DA:14,1
DA:15,1
DA:16,1
DA:19,2
DA:20,2
DA:21,2
DA:22,2
DA:23,2
DA:24,2
DA:26,0
DA:27,0
DA:32,1
DA:33,2
DA:34,0
DA:35,0
DA:36,0
DA:39,1
DA:40,1
DA:41,1
DA:42,1
DA:43,1
DA:44,1
DA:46,0
DA:47,0
LF:32
LH:22
BRDA:9,0,0,3
BRDA:9,0,1,0
BRDA:13,1,0,2
BRDA:13,1,1,1
BRDA:33,2,0,1
BRDA:33,2,1,0
BRF:6
BRH:4
end_of_record
TN:
SF:C:\Users\Almas\Documents\Projects\TestCollection\xendit\org-comment\src\logger\logger.ts
FN:4,serverInfo
FN:8,serverError
FN:12,dbInfo
FN:16,dbError
FN:20,apiInfo
FN:24,apiError
FNF:6
FNH:2
FNDA:0,serverInfo
FNDA:1,serverError
FNDA:3,dbInfo
FNDA:0,dbError
FNDA:0,apiInfo
FNDA:0,apiError
DA:2,1
DA:4,1
DA:5,0
DA:8,1
DA:9,1
DA:12,1
DA:13,3
DA:16,1
DA:17,0
DA:20,1
DA:21,0
DA:24,1
DA:25,0
LF:13
LH:9
BRF:0
BRH:0
end_of_record
TN:
SF:C:\Users\Almas\Documents\Projects\TestCollection\xendit\org-comment\src\logger\loggerFactory.ts
FN:3,(anonymous_0)
FN:10,(anonymous_1)
FN:13,LoggerFactory
FN:22,(anonymous_3)
FN:40,(anonymous_4)
FN:66,createLogger
FN:70,printDebug
FNF:7
FNH:5
FNDA:1,(anonymous_0)
FNDA:1,(anonymous_1)
FNDA:4,LoggerFactory
FNDA:4,(anonymous_3)
FNDA:0,(anonymous_4)
FNDA:4,createLogger
FNDA:0,printDebug
DA:1,1
DA:3,1
DA:4,1
DA:5,1
DA:6,1
DA:7,1
DA:10,1
DA:14,4
DA:16,4
DA:18,4
DA:23,4
DA:29,4
DA:34,4
DA:35,0
DA:41,0
DA:50,4
DA:51,4
DA:56,4
DA:64,1
DA:66,1
DA:67,4
DA:70,1
DA:71,0
LF:23
LH:20
BRDA:3,0,0,1
BRDA:3,0,1,1
BRDA:16,1,0,4
BRDA:16,1,1,0
BRDA:34,2,0,0
BRDA:34,2,1,4
BRDA:34,3,0,4
BRDA:34,3,1,4
BRDA:50,4,0,4
BRDA:50,4,1,0
BRF:10
BRH:7
end_of_record
TN:
SF:C:\Users\Almas\Documents\Projects\TestCollection\xendit\org-comment\src\utils\jwt.ts
FN:9,(anonymous_0)
FN:16,(anonymous_1)
FNF:2
FNH:2
FNDA:1,(anonymous_0)
FNDA:1,(anonymous_1)
DA:1,1
DA:2,1
DA:9,1
DA:10,1
DA:11,1
DA:16,1
DA:17,1
LF:7
LH:7
BRF:0
BRH:0
end_of_record
